<?xml version="1.0" encoding="utf-8" standalone="no"?>
<!--This file represents the results of running a test suite-->
<test-results name="C:\Program Files (x86)\Jenkins\workspace\DevOpsWindowCase\DevOpsWindowCase.Test\DevOpsWindowCase.Test\bin\Debug\DevOpsWindowCase.Test.dll" total="4" errors="0" failures="1" not-run="0" inconclusive="0" ignored="0" skipped="0" invalid="0" date="2018-01-05" time="05:28:13">
  <environment nunit-version="3.5.0.0" clr-version="4.0.30319.42000" os-version="Microsoft Windows NT 10.0.14393.0" platform="Win32NT" cwd="C:\Program Files (x86)\Jenkins\workspace\DevOpsWindowCase" machine-name="EC2AMAZ-SQKH6KA" user="SYSTEM" user-domain="WORKGROUP" />
  <culture-info current-culture="en-US" current-uiculture="en-US" />
  <test-suite type="Assembly" name="C:\Program Files (x86)\Jenkins\workspace\DevOpsWindowCase\DevOpsWindowCase.Test\DevOpsWindowCase.Test\bin\Debug\DevOpsWindowCase.Test.dll" executed="True" result="Failure" success="False" time="0.153" asserts="4">
    <properties>
      <property name="_PID" value="1580" />
      <property name="_APPDOMAIN" value="domain-" />
    </properties>
    <failure>
      <message><![CDATA[One or more child tests had errors]]></message>
      <stack-trace />
    </failure>
    <results>
      <test-suite type="TestSuite" name="DevOpsWindowCase" executed="True" result="Failure" success="False" time="0.127" asserts="4">
        <failure>
          <message><![CDATA[One or more child tests had errors]]></message>
          <stack-trace />
        </failure>
        <results>
          <test-suite type="TestSuite" name="Test" executed="True" result="Failure" success="False" time="0.124" asserts="4">
            <failure>
              <message><![CDATA[One or more child tests had errors]]></message>
              <stack-trace />
            </failure>
            <results>
              <test-suite type="TestFixture" name="WindowAppTestCase" executed="True" result="Failure" success="False" time="0.119" asserts="4">
                <failure>
                  <message><![CDATA[One or more child tests had errors]]></message>
                  <stack-trace />
                </failure>
                <results>
                  <test-suite type="ParameterizedTest" name="AddTest" executed="True" result="Failure" success="False" time="0.092" asserts="1">
                    <failure>
                      <message><![CDATA[One or more child tests had errors]]></message>
                      <stack-trace />
                    </failure>
                    <results>
                      <test-case name="DevOpsWindowCase.Test.WindowAppTestCase.AddTest()" executed="True" result="Failure" success="False" time="0.071" asserts="1">
                        <failure>
                          <message><![CDATA[  Expected: 20
  But was:  30
]]></message>
                          <stack-trace><![CDATA[   at DevOpsWindowCase.Test.WindowAppTestCase.AddTest() in C:\Program Files (x86)\Jenkins\workspace\DevOpsWindowCase\DevOpsWindowCase.Test\DevOpsWindowCase.Test\WindowAppTestCase.cs:line 20
]]></stack-trace>
                        </failure>
                      </test-case>
                    </results>
                  </test-suite>
                  <test-suite type="ParameterizedTest" name="DivisonTest" executed="True" result="Success" success="True" time="0.002" asserts="1">
                    <results>
                      <test-case name="DevOpsWindowCase.Test.WindowAppTestCase.DivisonTest()" executed="True" result="Success" success="True" time="0.000" asserts="1" />
                    </results>
                  </test-suite>
                  <test-suite type="ParameterizedTest" name="MultiplicationTest" executed="True" result="Success" success="True" time="0.002" asserts="1">
                    <results>
                      <test-case name="DevOpsWindowCase.Test.WindowAppTestCase.MultiplicationTest()" executed="True" result="Success" success="True" time="0.000" asserts="1" />
                    </results>
                  </test-suite>
                  <test-suite type="ParameterizedTest" name="SubtractTest" executed="True" result="Success" success="True" time="0.002" asserts="1">
                    <results>
                      <test-case name="DevOpsWindowCase.Test.WindowAppTestCase.SubtractTest()" executed="True" result="Success" success="True" time="0.000" asserts="1" />
                    </results>
                  </test-suite>
                </results>
              </test-suite>
            </results>
          </test-suite>
        </results>
      </test-suite>
    </results>
  </test-suite>
</test-results>